<?xml version="1.0" encoding="UTF-8"?>
<!-- Generated by org.testng.reporters.JUnitReportReporter -->
<testsuite skipped="0" hostname="Airpay-PC" name="com.Airpay.Tests.TC_PP_09_Credit_Card" tests="2" failures="0" timestamp="30 Apr 2019 11:52:24 GMT" time="19.582" errors="0">
  <testcase name="setup" time="0.000" classname="com.Airpay.Tests.TC_PP_09_Credit_Card"/>
  <testcase name="TC_TestCaseName" time="19.582" classname="com.Airpay.Tests.TC_PP_09_Credit_Card"/>
</testsuite> <!-- com.Airpay.Tests.TC_PP_09_Credit_Card -->
