<?xml version="1.0" encoding="UTF-8"?>
<!-- Generated by org.testng.reporters.JUnitReportReporter -->
<testsuite skipped="0" hostname="Airpay-PC" name="com.Airpay.Tests.TC_PP_BharatOR_BarCode_Session_TimeOut_errVerification_Inline_kit" tests="2" failures="0" timestamp="26 Apr 2019 13:58:33 GMT" time="282.271" errors="0">
  <testcase name="setup" time="0.000" classname="com.Airpay.Tests.TC_PP_BharatOR_BarCode_Session_TimeOut_errVerification_Inline_kit"/>
  <testcase name="TC_TestCaseName" time="282.271" classname="com.Airpay.Tests.TC_PP_BharatOR_BarCode_Session_TimeOut_errVerification_Inline_kit"/>
</testsuite> <!-- com.Airpay.Tests.TC_PP_BharatOR_BarCode_Session_TimeOut_errVerification_Inline_kit -->
