<?xml version="1.0" encoding="UTF-8"?>
<!-- Generated by org.testng.reporters.JUnitReportReporter -->
<testsuite skipped="0" hostname="Airpay-PC" name="com.Airpay.Tests.TC_ID_Verify_Express_Payments_Forgot_Password_link_Sent" tests="2" failures="0" timestamp="30 Apr 2019 12:55:58 GMT" time="32.547" errors="0">
  <testcase name="setup" time="0.000" classname="com.Airpay.Tests.TC_ID_Verify_Express_Payments_Forgot_Password_link_Sent"/>
  <testcase name="TC_TestCaseName" time="32.547" classname="com.Airpay.Tests.TC_ID_Verify_Express_Payments_Forgot_Password_link_Sent"/>
</testsuite> <!-- com.Airpay.Tests.TC_ID_Verify_Express_Payments_Forgot_Password_link_Sent -->
