<?xml version="1.0" encoding="UTF-8"?>
<!-- Generated by org.testng.reporters.JUnitReportReporter -->
<testsuite skipped="0" hostname="Airpay-PC" name="com.Airpay.Tests.TC_PP_09_AMEX_Credit_Inline_Kit" tests="2" failures="0" timestamp="26 Apr 2019 12:45:09 GMT" time="22.260" errors="0">
  <testcase name="setup" time="0.000" classname="com.Airpay.Tests.TC_PP_09_AMEX_Credit_Inline_Kit"/>
  <testcase name="TC_TestCaseName" time="22.260" classname="com.Airpay.Tests.TC_PP_09_AMEX_Credit_Inline_Kit"/>
</testsuite> <!-- com.Airpay.Tests.TC_PP_09_AMEX_Credit_Inline_Kit -->
