<?xml version="1.0" encoding="UTF-8"?>
<!-- Generated by org.testng.reporters.JUnitReportReporter -->
<testsuite skipped="0" hostname="Parmeshwar-QA" name="com.Airpay.Tests.TC_PP_BBPS_Login_verify" tests="2" failures="0" timestamp="21 May 2019 11:00:02 GMT" time="112.937" errors="0">
  <testcase name="setup" time="0.004" classname="com.Airpay.Tests.TC_PP_BBPS_Login_verify"/>
  <testcase name="TC_TestCaseName" time="112.933" classname="com.Airpay.Tests.TC_PP_BBPS_Login_verify"/>
</testsuite> <!-- com.Airpay.Tests.TC_PP_BBPS_Login_verify -->
