<?xml version="1.0" encoding="UTF-8"?>
<!-- Generated by org.testng.reporters.JUnitReportReporter -->
<testsuite skipped="0" hostname="Airpay-PC" name="com.Airpay.Tests.TC_PP_Virtual_Account_Success_transaction_testcase_Inline_kit" tests="2" failures="0" timestamp="26 Apr 2019 14:01:37 GMT" time="141.247" errors="0">
  <testcase name="setup" time="0.000" classname="com.Airpay.Tests.TC_PP_Virtual_Account_Success_transaction_testcase_Inline_kit"/>
  <testcase name="TC_TestCaseName" time="141.247" classname="com.Airpay.Tests.TC_PP_Virtual_Account_Success_transaction_testcase_Inline_kit"/>
</testsuite> <!-- com.Airpay.Tests.TC_PP_Virtual_Account_Success_transaction_testcase_Inline_kit -->
