<?xml version="1.0" encoding="UTF-8"?>
<!-- Generated by org.testng.reporters.JUnitReportReporter -->
<testsuite skipped="0" hostname="Airpay-PC" name="com.Airpay.Tests.TC_PP_PaytmChannel_UPI_Success_Transaction" tests="2" failures="0" timestamp="30 Apr 2019 12:53:04 GMT" time="88.194" errors="0">
  <testcase name="setup" time="0.000" classname="com.Airpay.Tests.TC_PP_PaytmChannel_UPI_Success_Transaction"/>
  <testcase name="TC_TestCaseName" time="88.194" classname="com.Airpay.Tests.TC_PP_PaytmChannel_UPI_Success_Transaction"/>
</testsuite> <!-- com.Airpay.Tests.TC_PP_PaytmChannel_UPI_Success_Transaction -->
