<?xml version="1.0" encoding="UTF-8"?>
<!-- Generated by org.testng.reporters.JUnitReportReporter -->
<testsuite skipped="0" hostname="Airpay-PC" name="com.Airpay.Tests.TC_PP_NetBanking_Previous_Selected_PopularBank" tests="2" failures="0" timestamp="30 Apr 2019 12:21:30 GMT" time="18.170" errors="0">
  <testcase name="setup" time="0.000" classname="com.Airpay.Tests.TC_PP_NetBanking_Previous_Selected_PopularBank"/>
  <testcase name="TC_TestCaseName" time="18.170" classname="com.Airpay.Tests.TC_PP_NetBanking_Previous_Selected_PopularBank"/>
</testsuite> <!-- com.Airpay.Tests.TC_PP_NetBanking_Previous_Selected_PopularBank -->
