<?xml version="1.0" encoding="UTF-8"?>
<!-- Generated by org.testng.reporters.JUnitReportReporter -->
<testsuite skipped="0" hostname="Airpay-PC" name="com.Airpay.Tests.TC_PP_04" tests="2" failures="0" timestamp="30 Apr 2019 11:50:51 GMT" time="13.016" errors="0">
  <testcase name="setup" time="0.001" classname="com.Airpay.Tests.TC_PP_04"/>
  <testcase name="TC_TestCaseName" time="13.015" classname="com.Airpay.Tests.TC_PP_04"/>
</testsuite> <!-- com.Airpay.Tests.TC_PP_04 -->
