<?xml version="1.0" encoding="UTF-8"?>
<!-- Generated by org.testng.reporters.JUnitReportReporter -->
<testsuite skipped="0" hostname="Airpay-PC" name="com.Airpay.Tests.TC_PP_Moto_Transaction_Credit_Card_Failed_Transaction_Inline_kit" tests="2" failures="0" timestamp="26 Apr 2019 13:31:24 GMT" time="25.885" errors="0">
  <testcase name="setup" time="0.000" classname="com.Airpay.Tests.TC_PP_Moto_Transaction_Credit_Card_Failed_Transaction_Inline_kit"/>
  <testcase name="TC_TestCaseName" time="25.885" classname="com.Airpay.Tests.TC_PP_Moto_Transaction_Credit_Card_Failed_Transaction_Inline_kit"/>
</testsuite> <!-- com.Airpay.Tests.TC_PP_Moto_Transaction_Credit_Card_Failed_Transaction_Inline_kit -->
