<?xml version="1.0" encoding="UTF-8"?>
<!-- Generated by org.testng.reporters.JUnitReportReporter -->
<testsuite skipped="0" hostname="Airpay-PC" name="com.Airpay.Tests.TC_PP_Wallet_Previous_Selected_Popular_wallet_Inline_kit" tests="2" failures="0" timestamp="26 Apr 2019 13:21:55 GMT" time="15.164" errors="0">
  <testcase name="setup" time="0.000" classname="com.Airpay.Tests.TC_PP_Wallet_Previous_Selected_Popular_wallet_Inline_kit"/>
  <testcase name="TC_TestCaseName" time="15.164" classname="com.Airpay.Tests.TC_PP_Wallet_Previous_Selected_Popular_wallet_Inline_kit"/>
</testsuite> <!-- com.Airpay.Tests.TC_PP_Wallet_Previous_Selected_Popular_wallet_Inline_kit -->
