<?xml version="1.0" encoding="UTF-8"?>
<!-- Generated by org.testng.reporters.JUnitReportReporter -->
<testsuite skipped="0" hostname="Airpay-PC" name="com.Airpay.Tests.TC_PP_Wallet_Red_Line_Error" tests="2" failures="0" timestamp="30 Apr 2019 12:18:04 GMT" time="12.149" errors="0">
  <testcase name="setup" time="0.000" classname="com.Airpay.Tests.TC_PP_Wallet_Red_Line_Error"/>
  <testcase name="TC_TestCaseName" time="12.149" classname="com.Airpay.Tests.TC_PP_Wallet_Red_Line_Error"/>
</testsuite> <!-- com.Airpay.Tests.TC_PP_Wallet_Red_Line_Error -->
