<?xml version="1.0" encoding="UTF-8"?>
<!-- Generated by org.testng.reporters.JUnitReportReporter -->
<testsuite skipped="0" hostname="Airpay-PC" name="com.Airpay.Tests.TC_PP_Wallet_Navigation_page_Inline_kit" tests="2" failures="0" timestamp="26 Apr 2019 13:19:34 GMT" time="210.126" errors="0">
  <testcase name="setup" time="0.001" classname="com.Airpay.Tests.TC_PP_Wallet_Navigation_page_Inline_kit"/>
  <testcase name="TC_TestCaseName" time="210.125" classname="com.Airpay.Tests.TC_PP_Wallet_Navigation_page_Inline_kit"/>
</testsuite> <!-- com.Airpay.Tests.TC_PP_Wallet_Navigation_page_Inline_kit -->
