<?xml version="1.0" encoding="UTF-8"?>
<!-- Generated by org.testng.reporters.JUnitReportReporter -->
<testsuite skipped="0" hostname="Airpay-PC" name="com.Airpay.Tests.TC_PP_Virtual_Account_Success_transaction_testcase" tests="2" failures="0" timestamp="30 Apr 2019 12:45:50 GMT" time="65.373" errors="0">
  <testcase name="setup" time="0.000" classname="com.Airpay.Tests.TC_PP_Virtual_Account_Success_transaction_testcase"/>
  <testcase name="TC_TestCaseName" time="65.373" classname="com.Airpay.Tests.TC_PP_Virtual_Account_Success_transaction_testcase"/>
</testsuite> <!-- com.Airpay.Tests.TC_PP_Virtual_Account_Success_transaction_testcase -->
