<?xml version="1.0" encoding="UTF-8"?>
<!-- Generated by org.testng.reporters.JUnitReportReporter -->
<testsuite skipped="0" hostname="Airpay-PC" name="com.Airpay.Tests.TC_PP_BharatOR_BarCode_CrossBtn_Error_verification" tests="2" failures="0" timestamp="30 Apr 2019 12:38:03 GMT" time="106.512" errors="0">
  <testcase name="setup" time="0.000" classname="com.Airpay.Tests.TC_PP_BharatOR_BarCode_CrossBtn_Error_verification"/>
  <testcase name="TC_TestCaseName" time="106.512" classname="com.Airpay.Tests.TC_PP_BharatOR_BarCode_CrossBtn_Error_verification"/>
</testsuite> <!-- com.Airpay.Tests.TC_PP_BharatOR_BarCode_CrossBtn_Error_verification -->
