<?xml version="1.0" encoding="UTF-8"?>
<!-- Generated by org.testng.reporters.JUnitReportReporter -->
<testsuite skipped="0" hostname="Airpay-PC" name="com.Airpay.Tests.TC_Verify_Surcharge_Mode_On_OFF" tests="2" failures="0" timestamp="02 Apr 2019 08:10:56 GMT" time="85.721" errors="0">
  <testcase name="setup" time="0.022" classname="com.Airpay.Tests.TC_Verify_Surcharge_Mode_On_OFF"/>
  <testcase name="TC_TestCaseName" time="85.699" classname="com.Airpay.Tests.TC_Verify_Surcharge_Mode_On_OFF"/>
</testsuite> <!-- com.Airpay.Tests.TC_Verify_Surcharge_Mode_On_OFF -->
