<?xml version="1.0" encoding="UTF-8"?>
<!-- Generated by org.testng.reporters.JUnitReportReporter -->
<testsuite skipped="0" hostname="Airpay-PC" name="com.Airpay.Tests.TC_PP_NetBanking_All_Bank_Name_Access" tests="2" failures="0" timestamp="30 Apr 2019 12:22:16 GMT" time="37.421" errors="0">
  <testcase name="setup" time="0.000" classname="com.Airpay.Tests.TC_PP_NetBanking_All_Bank_Name_Access"/>
  <testcase name="TC_TestCaseName" time="37.421" classname="com.Airpay.Tests.TC_PP_NetBanking_All_Bank_Name_Access"/>
</testsuite> <!-- com.Airpay.Tests.TC_PP_NetBanking_All_Bank_Name_Access -->
