<?xml version="1.0" encoding="UTF-8"?>
<!-- Generated by org.testng.reporters.JUnitReportReporter -->
<testsuite skipped="0" hostname="Airpay-PC" name="com.Airpay.Tests.TC_PP_Debit_Card_logo_Appearance" tests="2" failures="0" timestamp="30 Apr 2019 12:16:23 GMT" time="17.676" errors="0">
  <testcase name="setup" time="0.000" classname="com.Airpay.Tests.TC_PP_Debit_Card_logo_Appearance"/>
  <testcase name="TC_TestCaseName" time="17.676" classname="com.Airpay.Tests.TC_PP_Debit_Card_logo_Appearance"/>
</testsuite> <!-- com.Airpay.Tests.TC_PP_Debit_Card_logo_Appearance -->
