<?xml version="1.0" encoding="UTF-8"?>
<!-- Generated by org.testng.reporters.JUnitReportReporter -->
<testsuite skipped="0" hostname="Airpay-PC" name="com.Airpay.Tests.TC_PP_RTGS_And_NEFT_SuccessTransaction_ErrorMessage" tests="2" failures="0" timestamp="30 Apr 2019 12:15:30 GMT" time="15.511" errors="0">
  <testcase name="setup" time="0.000" classname="com.Airpay.Tests.TC_PP_RTGS_And_NEFT_SuccessTransaction_ErrorMessage"/>
  <testcase name="TC_TestCaseName" time="15.511" classname="com.Airpay.Tests.TC_PP_RTGS_And_NEFT_SuccessTransaction_ErrorMessage"/>
</testsuite> <!-- com.Airpay.Tests.TC_PP_RTGS_And_NEFT_SuccessTransaction_ErrorMessage -->
