<?xml version="1.0" encoding="UTF-8"?>
<!-- Generated by org.testng.reporters.JUnitReportReporter -->
<testsuite skipped="0" hostname="Airpay-PC" name="com.Airpay.Tests.TC_PP_11_Credit_Card_Inline_kit" tests="2" failures="0" timestamp="26 Apr 2019 12:46:30 GMT" time="26.662" errors="0">
  <testcase name="setup" time="0.001" classname="com.Airpay.Tests.TC_PP_11_Credit_Card_Inline_kit"/>
  <testcase name="TC_TestCaseName" time="26.661" classname="com.Airpay.Tests.TC_PP_11_Credit_Card_Inline_kit"/>
</testsuite> <!-- com.Airpay.Tests.TC_PP_11_Credit_Card_Inline_kit -->
