<?xml version="1.0" encoding="UTF-8"?>
<!-- Generated by org.testng.reporters.JUnitReportReporter -->
<testsuite skipped="0" hostname="Airpay-PC" name="com.Airpay.Tests.TC_PP_EMI_Invalid_Credit_Card_Number_errMsg_Inline_kit" tests="2" failures="0" timestamp="26 Apr 2019 13:50:19 GMT" time="20.927" errors="0">
  <testcase name="setup" time="0.000" classname="com.Airpay.Tests.TC_PP_EMI_Invalid_Credit_Card_Number_errMsg_Inline_kit"/>
  <testcase name="TC_TestCaseName" time="20.927" classname="com.Airpay.Tests.TC_PP_EMI_Invalid_Credit_Card_Number_errMsg_Inline_kit"/>
</testsuite> <!-- com.Airpay.Tests.TC_PP_EMI_Invalid_Credit_Card_Number_errMsg_Inline_kit -->
