<?xml version="1.0" encoding="UTF-8"?>
<!-- Generated by org.testng.reporters.JUnitReportReporter -->
<testsuite skipped="0" hostname="Airpay-PC" name="com.Airpay.Tests.TC_PP_BharatOR_BarCode_Session_TimeOut_errVerification" tests="2" failures="0" timestamp="30 Apr 2019 12:43:00 GMT" time="287.659" errors="0">
  <testcase name="setup" time="0.000" classname="com.Airpay.Tests.TC_PP_BharatOR_BarCode_Session_TimeOut_errVerification"/>
  <testcase name="TC_TestCaseName" time="287.659" classname="com.Airpay.Tests.TC_PP_BharatOR_BarCode_Session_TimeOut_errVerification"/>
</testsuite> <!-- com.Airpay.Tests.TC_PP_BharatOR_BarCode_Session_TimeOut_errVerification -->
