<?xml version="1.0" encoding="UTF-8"?>
<!-- Generated by org.testng.reporters.JUnitReportReporter -->
<testsuite skipped="0" hostname="Airpay-PC" name="com.Airpay.Tests.TC_PP_AmexeZeClick_Testcase" tests="2" failures="0" timestamp="30 Apr 2019 12:44:36 GMT" time="84.963" errors="0">
  <testcase name="setup" time="0.000" classname="com.Airpay.Tests.TC_PP_AmexeZeClick_Testcase"/>
  <testcase name="TC_TestCaseName" time="84.963" classname="com.Airpay.Tests.TC_PP_AmexeZeClick_Testcase"/>
</testsuite> <!-- com.Airpay.Tests.TC_PP_AmexeZeClick_Testcase -->
