<?xml version="1.0" encoding="UTF-8"?>
<!-- Generated by org.testng.reporters.JUnitReportReporter -->
<testsuite skipped="0" hostname="Airpay-PC" name="com.Airpay.Tests.TC_PP_01" tests="2" failures="0" timestamp="30 Apr 2019 11:50:29 GMT" time="3.621" errors="0">
  <testcase name="setup" time="0.000" classname="com.Airpay.Tests.TC_PP_01"/>
  <testcase name="TC_TestCaseName" time="3.621" classname="com.Airpay.Tests.TC_PP_01"/>
</testsuite> <!-- com.Airpay.Tests.TC_PP_01 -->
