<?xml version="1.0" encoding="UTF-8"?>
<!-- Generated by org.testng.reporters.JUnitReportReporter -->
<testsuite skipped="0" hostname="Airpay-PC" name="com.Airpay.Tests.TC_PP_14_EMI" tests="2" failures="0" timestamp="29 Apr 2019 06:22:25 GMT" time="18.895" errors="0">
  <testcase name="setup" time="0.000" classname="com.Airpay.Tests.TC_PP_14_EMI"/>
  <testcase name="TC_TestCaseName" time="18.895" classname="com.Airpay.Tests.TC_PP_14_EMI"/>
</testsuite> <!-- com.Airpay.Tests.TC_PP_14_EMI -->
