<?xml version="1.0" encoding="UTF-8"?>
<!-- Generated by org.testng.reporters.JUnitReportReporter -->
<testsuite skipped="0" hostname="Airpay-PC" name="com.Airpay.Tests.TC_ID_Verify_Express_Payments_Invalid_PWd_and_BlankPWD" tests="2" failures="0" timestamp="30 Apr 2019 12:55:15 GMT" time="14.290" errors="0">
  <testcase name="setup" time="0.000" classname="com.Airpay.Tests.TC_ID_Verify_Express_Payments_Invalid_PWd_and_BlankPWD"/>
  <testcase name="TC_TestCaseName" time="14.290" classname="com.Airpay.Tests.TC_ID_Verify_Express_Payments_Invalid_PWd_and_BlankPWD"/>
</testsuite> <!-- com.Airpay.Tests.TC_ID_Verify_Express_Payments_Invalid_PWd_and_BlankPWD -->
