<?xml version="1.0" encoding="UTF-8"?>
<!-- Generated by org.testng.reporters.JUnitReportReporter -->
<testsuite skipped="0" hostname="Airpay-PC" name="com.Airpay.Tests.TC_PP_14_Credit_Card" tests="2" failures="0" timestamp="29 Apr 2019 06:21:14 GMT" time="30.528" errors="0">
  <testcase name="setup" time="0.001" classname="com.Airpay.Tests.TC_PP_14_Credit_Card"/>
  <testcase name="TC_TestCaseName" time="30.527" classname="com.Airpay.Tests.TC_PP_14_Credit_Card"/>
</testsuite> <!-- com.Airpay.Tests.TC_PP_14_Credit_Card -->
