<?xml version="1.0" encoding="UTF-8"?>
<!-- Generated by org.testng.reporters.JUnitReportReporter -->
<testsuite skipped="0" hostname="Airpay-PC" name="com.Airpay.Tests.TC_PP_13_Debit_Card" tests="2" failures="0" timestamp="30 Apr 2019 11:56:46 GMT" time="25.093" errors="0">
  <testcase name="setup" time="0.001" classname="com.Airpay.Tests.TC_PP_13_Debit_Card"/>
  <testcase name="TC_TestCaseName" time="25.092" classname="com.Airpay.Tests.TC_PP_13_Debit_Card"/>
</testsuite> <!-- com.Airpay.Tests.TC_PP_13_Debit_Card -->
