<?xml version="1.0" encoding="UTF-8"?>
<!-- Generated by org.testng.reporters.JUnitReportReporter -->
<testsuite skipped="0" hostname="Airpay-PC" name="com.Airpay.Tests.TC_PP_Cash_MakePayment_Inline_kit" tests="2" failures="0" timestamp="26 Apr 2019 13:03:38 GMT" time="96.942" errors="0">
  <testcase name="setup" time="0.000" classname="com.Airpay.Tests.TC_PP_Cash_MakePayment_Inline_kit"/>
  <testcase name="TC_TestCaseName" time="96.942" classname="com.Airpay.Tests.TC_PP_Cash_MakePayment_Inline_kit"/>
</testsuite> <!-- com.Airpay.Tests.TC_PP_Cash_MakePayment_Inline_kit -->
