<?xml version="1.0" encoding="UTF-8"?>
<!-- Generated by org.testng.reporters.JUnitReportReporter -->
<testsuite skipped="0" hostname="Airpay-PC" name="com.Airpay.Tests.TC_PP_valid_UPI_Transaction_Decline_ErrorMsg_Inline_kit" tests="2" failures="0" timestamp="26 Apr 2019 13:47:54 GMT" time="89.249" errors="0">
  <testcase name="setup" time="0.000" classname="com.Airpay.Tests.TC_PP_valid_UPI_Transaction_Decline_ErrorMsg_Inline_kit"/>
  <testcase name="TC_TestCaseName" time="89.249" classname="com.Airpay.Tests.TC_PP_valid_UPI_Transaction_Decline_ErrorMsg_Inline_kit"/>
</testsuite> <!-- com.Airpay.Tests.TC_PP_valid_UPI_Transaction_Decline_ErrorMsg_Inline_kit -->
