<?xml version="1.0" encoding="UTF-8"?>
<!-- Generated by org.testng.reporters.JUnitReportReporter -->
<testsuite skipped="0" hostname="Airpay-PC" name="com.Airpay.Tests.TC_PP_RTGS_And_NEFT_SuccessTransaction" tests="2" failures="0" timestamp="30 Apr 2019 12:15:04 GMT" time="28.077" errors="0">
  <testcase name="setup" time="0.000" classname="com.Airpay.Tests.TC_PP_RTGS_And_NEFT_SuccessTransaction"/>
  <testcase name="TC_TestCaseName" time="28.077" classname="com.Airpay.Tests.TC_PP_RTGS_And_NEFT_SuccessTransaction"/>
</testsuite> <!-- com.Airpay.Tests.TC_PP_RTGS_And_NEFT_SuccessTransaction -->
