<?xml version="1.0" encoding="UTF-8"?>
<!-- Generated by org.testng.reporters.JUnitReportReporter -->
<testsuite skipped="0" hostname="Airpay-PC" name="com.Airpay.Tests.TC_PP_11_Debit_Card" tests="2" failures="0" timestamp="30 Apr 2019 11:55:04 GMT" time="27.124" errors="0">
  <testcase name="setup" time="0.000" classname="com.Airpay.Tests.TC_PP_11_Debit_Card"/>
  <testcase name="TC_TestCaseName" time="27.124" classname="com.Airpay.Tests.TC_PP_11_Debit_Card"/>
</testsuite> <!-- com.Airpay.Tests.TC_PP_11_Debit_Card -->
