<?xml version="1.0" encoding="UTF-8"?>
<!-- Generated by org.testng.reporters.JUnitReportReporter -->
<testsuite skipped="0" hostname="Airpay-PC" name="com.Airpay.Tests.TC_PP_15_Debit_Card" tests="2" failures="0" timestamp="29 Apr 2019 06:28:18 GMT" time="177.279" errors="0">
  <testcase name="setup" time="0.000" classname="com.Airpay.Tests.TC_PP_15_Debit_Card"/>
  <testcase name="TC_TestCaseName" time="177.279" classname="com.Airpay.Tests.TC_PP_15_Debit_Card"/>
</testsuite> <!-- com.Airpay.Tests.TC_PP_15_Debit_Card -->
